test data 1_1
test model 1 for 1_1
cost matrix 1316.1775683519143
test model 2 for 1_1
cost matrix 2629.431028488182
test model 3 for 1_1
cost matrix 2635.6611416731566
test model 4 for 1_1
cost matrix 3188.2224668395393
test model 5 for 1_1
cost matrix 2122.5250130077475
data1_1 belongs to type 1.

test data 1_10
test model 1 for 1_10
cost matrix 690.424474342837
test model 2 for 1_10
cost matrix 2478.745709835139
test model 3 for 1_10
cost matrix 2435.7090612567104
test model 4 for 1_10
cost matrix 3150.016250726773
test model 5 for 1_10
cost matrix 1961.2196698314012
data1_10 belongs to type 1.

test data 1_2
test model 1 for 1_2
cost matrix 1181.9521028275647
test model 2 for 1_2
cost matrix 2514.439016428398
test model 3 for 1_2
cost matrix 2470.172325158171
test model 4 for 1_2
cost matrix 3244.922284918885
test model 5 for 1_2
cost matrix 2062.4202803206895
data1_2 belongs to type 1.

test data 1_3
test model 1 for 1_3
cost matrix 1209.2535179775648
test model 2 for 1_3
cost matrix 2451.330143651056
test model 3 for 1_3
cost matrix 2556.752653581312
test model 4 for 1_3
cost matrix 3239.465701439975
test model 5 for 1_3
cost matrix 2041.9250047050066
data1_3 belongs to type 1.

test data 1_4
test model 1 for 1_4
cost matrix 703.5977415921078
test model 2 for 1_4
cost matrix 2464.351319145489
test model 3 for 1_4
cost matrix 2469.2452397633688
test model 4 for 1_4
cost matrix 3176.00580323389
test model 5 for 1_4
cost matrix 2027.5118359848932
data1_4 belongs to type 1.

test data 1_5
test model 1 for 1_5
cost matrix 1261.1655265944155
test model 2 for 1_5
cost matrix 2401.715963882947
test model 3 for 1_5
cost matrix 2483.489459578121
test model 4 for 1_5
cost matrix 3343.1869679278
test model 5 for 1_5
cost matrix 2140.095518210906
data1_5 belongs to type 1.

test data 1_6
test model 1 for 1_6
cost matrix 1271.7825645488545
test model 2 for 1_6
cost matrix 2514.4368113458263
test model 3 for 1_6
cost matrix 2539.458394275294
test model 4 for 1_6
cost matrix 3354.294925289217
test model 5 for 1_6
cost matrix 2084.4841485983648
data1_6 belongs to type 1.

test data 1_7
test model 1 for 1_7
cost matrix 1239.824539095257
test model 2 for 1_7
cost matrix 2513.5419023380978
test model 3 for 1_7
cost matrix 2386.3744894429183
test model 4 for 1_7
cost matrix 3239.740970168292
test model 5 for 1_7
cost matrix 2033.0821173005077
data1_7 belongs to type 1.

test data 1_8
test model 1 for 1_8
cost matrix 1235.104576672576
test model 2 for 1_8
cost matrix 2561.7817473788946
test model 3 for 1_8
cost matrix 2578.311767230463
test model 4 for 1_8
cost matrix 3306.9109860665376
test model 5 for 1_8
cost matrix 2008.960063403242
data1_8 belongs to type 1.

test data 1_9
test model 1 for 1_9
cost matrix 1263.1532419535822
test model 2 for 1_9
cost matrix 2490.5677017448265
test model 3 for 1_9
cost matrix 2590.5282429945732
test model 4 for 1_9
cost matrix 3324.768015802242
test model 5 for 1_9
cost matrix 2085.0092929370576
data1_9 belongs to type 1.

test data 2_1
test model 1 for 2_1
cost matrix 2303.084676137916
test model 2 for 2_1
cost matrix 1741.6521044982935
test model 3 for 2_1
cost matrix 2901.836324733124
test model 4 for 2_1
cost matrix 3995.3403440001684
test model 5 for 2_1
cost matrix 2797.892742545519
data2_1 belongs to type 2.

test data 2_10
test model 1 for 2_10
cost matrix 2514.8197042908528
test model 2 for 2_10
cost matrix 2032.0586135563965
test model 3 for 2_10
cost matrix 3089.9746893137863
test model 4 for 2_10
cost matrix 4299.966727525072
test model 5 for 2_10
cost matrix 2871.612299551552
data2_10 belongs to type 2.

test data 2_2
test model 1 for 2_2
cost matrix 2230.1025239965697
test model 2 for 2_2
cost matrix 1922.3477035240217
test model 3 for 2_2
cost matrix 2878.4715145714886
test model 4 for 2_2
cost matrix 3979.8698203505746
test model 5 for 2_2
cost matrix 2556.3064774669833
data2_2 belongs to type 2.

test data 2_3
test model 1 for 2_3
cost matrix 2343.193768295808
test model 2 for 2_3
cost matrix 1967.7842185513516
test model 3 for 2_3
cost matrix 2814.593006055082
test model 4 for 2_3
cost matrix 4018.5000193937203
test model 5 for 2_3
cost matrix 2710.384323767534
data2_3 belongs to type 2.

test data 2_4
test model 1 for 2_4
cost matrix 2292.2388961356164
test model 2 for 2_4
cost matrix 2255.4436963017524
test model 3 for 2_4
cost matrix 2884.2301474723927
test model 4 for 2_4
cost matrix 3998.3309249408735
test model 5 for 2_4
cost matrix 2785.2575315000013
data2_4 belongs to type 2.

test data 2_5
test model 1 for 2_5
cost matrix 2237.448143291548
test model 2 for 2_5
cost matrix 2023.8654284600848
test model 3 for 2_5
cost matrix 2779.042834980524
test model 4 for 2_5
cost matrix 3902.8404803107933
test model 5 for 2_5
cost matrix 2601.958607520902
data2_5 belongs to type 2.

test data 2_6
test model 1 for 2_6
cost matrix 2470.449083734572
test model 2 for 2_6
cost matrix 2120.7503798118523
test model 3 for 2_6
cost matrix 3070.944299276778
test model 4 for 2_6
cost matrix 4100.6227724201035
test model 5 for 2_6
cost matrix 2831.1176666848933
data2_6 belongs to type 2.

test data 2_7
test model 1 for 2_7
cost matrix 2373.2159122452617
test model 2 for 2_7
cost matrix 2192.713109811883
test model 3 for 2_7
cost matrix 2874.360212666197
test model 4 for 2_7
cost matrix 4106.770157813464
test model 5 for 2_7
cost matrix 2993.516783203068
data2_7 belongs to type 2.

test data 2_8
test model 1 for 2_8
cost matrix 2466.796899951728
test model 2 for 2_8
cost matrix 2027.5458420849689
test model 3 for 2_8
cost matrix 3061.2528872290336
test model 4 for 2_8
cost matrix 4132.579474062755
test model 5 for 2_8
cost matrix 2883.12348964116
data2_8 belongs to type 2.

test data 2_9
test model 1 for 2_9
cost matrix 2541.2987499965657
test model 2 for 2_9
cost matrix 2195.1455770009916
test model 3 for 2_9
cost matrix 3121.377231257536
test model 4 for 2_9
cost matrix 4328.8540315252785
test model 5 for 2_9
cost matrix 3008.0256870029543
data2_9 belongs to type 2.

test data 3_1
test model 1 for 3_1
cost matrix 2339.454972264716
test model 2 for 3_1
cost matrix 2934.9159591998327
test model 3 for 3_1
cost matrix 2040.7464187830333
test model 4 for 3_1
cost matrix 3466.14596019204
test model 5 for 3_1
cost matrix 2638.8356392050127
data3_1 belongs to type 3.

test data 3_10
test model 1 for 3_10
cost matrix 2567.479280759975
test model 2 for 3_10
cost matrix 3261.577357935818
test model 3 for 3_10
cost matrix 2074.6944645790504
test model 4 for 3_10
cost matrix 3938.82662145046
test model 5 for 3_10
cost matrix 2971.109779695767
data3_10 belongs to type 3.

test data 3_2
test model 1 for 3_2
cost matrix 2605.7471844576908
test model 2 for 3_2
cost matrix 3248.0386890260547
test model 3 for 3_2
cost matrix 2115.928987552135
test model 4 for 3_2
cost matrix 3982.0333921066926
test model 5 for 3_2
cost matrix 2814.795012742708
data3_2 belongs to type 3.

test data 3_3
test model 1 for 3_3
cost matrix 2419.7758253020966
test model 2 for 3_3
cost matrix 2946.300521158541
test model 3 for 3_3
cost matrix 2077.7974653614383
test model 4 for 3_3
cost matrix 3554.6033225693845
test model 5 for 3_3
cost matrix 2610.4902651181083
data3_3 belongs to type 3.

test data 3_4
test model 1 for 3_4
cost matrix 2452.9288948547205
test model 2 for 3_4
cost matrix 3103.9270284902386
test model 3 for 3_4
cost matrix 1980.6284237858415
test model 4 for 3_4
cost matrix 3648.2513248842556
test model 5 for 3_4
cost matrix 2795.0483801562777
data3_4 belongs to type 3.

test data 3_5
test model 1 for 3_5
cost matrix 2253.5454175272575
test model 2 for 3_5
cost matrix 2976.4928287135685
test model 3 for 3_5
cost matrix 1871.0089411750178
test model 4 for 3_5
cost matrix 3550.6135993124203
test model 5 for 3_5
cost matrix 2614.821935442521
data3_5 belongs to type 3.

test data 3_6
test model 1 for 3_6
cost matrix 2337.567681931358
test model 2 for 3_6
cost matrix 2861.9686610178064
test model 3 for 3_6
cost matrix 1759.529468954525
test model 4 for 3_6
cost matrix 3532.8515581203305
test model 5 for 3_6
cost matrix 2573.9256128482834
data3_6 belongs to type 3.

test data 3_7
test model 1 for 3_7
cost matrix 2406.482953285933
test model 2 for 3_7
cost matrix 3036.6495106027446
test model 3 for 3_7
cost matrix 1964.2873705272643
test model 4 for 3_7
cost matrix 3817.610212390535
test model 5 for 3_7
cost matrix 2707.8965516852145
data3_7 belongs to type 3.

test data 3_8
test model 1 for 3_8
cost matrix 2315.937522964428
test model 2 for 3_8
cost matrix 2945.8547303983205
test model 3 for 3_8
cost matrix 1850.8073340617636
test model 4 for 3_8
cost matrix 3433.2440823199504
test model 5 for 3_8
cost matrix 2565.0656980743506
data3_8 belongs to type 3.

test data 3_9
test model 1 for 3_9
cost matrix 2513.0899001891676
test model 2 for 3_9
cost matrix 3076.0742140190246
test model 3 for 3_9
cost matrix 1870.5832297411835
test model 4 for 3_9
cost matrix 3856.021405977583
test model 5 for 3_9
cost matrix 2814.3393318170306
data3_9 belongs to type 3.

test data 4_1
test model 1 for 4_1
cost matrix 3099.744659208455
test model 2 for 4_1
cost matrix 3810.679051075866
test model 3 for 4_1
cost matrix 3612.202872266853
test model 4 for 4_1
cost matrix 2403.0170311874103
test model 5 for 4_1
cost matrix 3117.7946130437517
data4_1 belongs to type 4.

test data 4_10
test model 1 for 4_10
cost matrix 3568.100546417118
test model 2 for 4_10
cost matrix 4145.266772979576
test model 3 for 4_10
cost matrix 3993.7766522324455
test model 4 for 4_10
cost matrix 2817.553472992907
test model 5 for 4_10
cost matrix 3631.4575557344665
data4_10 belongs to type 4.

test data 4_2
test model 1 for 4_2
cost matrix 3077.6704578020485
test model 2 for 4_2
cost matrix 3699.856423007435
test model 3 for 4_2
cost matrix 3599.5903699861474
test model 4 for 4_2
cost matrix 2390.9191615519558
test model 5 for 4_2
cost matrix 3252.03752406822
data4_2 belongs to type 4.

test data 4_3
test model 1 for 4_3
cost matrix 3253.806664521195
test model 2 for 4_3
cost matrix 3719.2234663390427
test model 3 for 4_3
cost matrix 3633.446040297466
test model 4 for 4_3
cost matrix 2442.3791179282534
test model 5 for 4_3
cost matrix 3313.4027834949857
data4_3 belongs to type 4.

test data 4_4
test model 1 for 4_4
cost matrix 3224.9304486343926
test model 2 for 4_4
cost matrix 3904.8174526666894
test model 3 for 4_4
cost matrix 3663.178083748881
test model 4 for 4_4
cost matrix 2430.0699861318994
test model 5 for 4_4
cost matrix 3450.1740996139984
data4_4 belongs to type 4.

test data 4_5
test model 1 for 4_5
cost matrix 3290.323542895487
test model 2 for 4_5
cost matrix 3913.3259899738623
test model 3 for 4_5
cost matrix 3705.392719401967
test model 4 for 4_5
cost matrix 2445.9958149793824
test model 5 for 4_5
cost matrix 3357.7156900695113
data4_5 belongs to type 4.

test data 4_6
test model 1 for 4_6
cost matrix 3344.5560623236393
test model 2 for 4_6
cost matrix 3859.345261463714
test model 3 for 4_6
cost matrix 3803.2534579582484
test model 4 for 4_6
cost matrix 2464.6631735225355
test model 5 for 4_6
cost matrix 3459.899992328655
data4_6 belongs to type 4.

test data 4_7
test model 1 for 4_7
cost matrix 3287.5089383264954
test model 2 for 4_7
cost matrix 3808.1324199115847
test model 3 for 4_7
cost matrix 3682.2007776376963
test model 4 for 4_7
cost matrix 2527.989530620454
test model 5 for 4_7
cost matrix 3332.491014425061
data4_7 belongs to type 4.

test data 4_8
test model 1 for 4_8
cost matrix 3370.655026802017
test model 2 for 4_8
cost matrix 4039.507767288739
test model 3 for 4_8
cost matrix 3971.4555316325354
test model 4 for 4_8
cost matrix 2392.9470047272243
test model 5 for 4_8
cost matrix 3529.9823148556156
data4_8 belongs to type 4.

test data 4_9
test model 1 for 4_9
cost matrix 3342.594481938772
test model 2 for 4_9
cost matrix 3856.489627424505
test model 3 for 4_9
cost matrix 3773.5622456506017
test model 4 for 4_9
cost matrix 2661.9896836950397
test model 5 for 4_9
cost matrix 3418.9829067266346
data4_9 belongs to type 4.

test data 5_1
test model 1 for 5_1
cost matrix 2112.898322424751
test model 2 for 5_1
cost matrix 2576.9875244391965
test model 3 for 5_1
cost matrix 2670.3278944924173
test model 4 for 5_1
cost matrix 3354.4545000509033
test model 5 for 5_1
cost matrix 1561.8249036032944
data5_1 belongs to type 5.

test data 5_10
test model 1 for 5_10
cost matrix 2161.8333499198775
test model 2 for 5_10
cost matrix 2486.4439195017917
test model 3 for 5_10
cost matrix 2810.338586894158
test model 4 for 5_10
cost matrix 3358.047360027772
test model 5 for 5_10
cost matrix 1451.077771128126
data5_10 belongs to type 5.

test data 5_2
test model 1 for 5_2
cost matrix 2070.3548065107975
test model 2 for 5_2
cost matrix 2577.7931689022357
test model 3 for 5_2
cost matrix 2615.359279560542
test model 4 for 5_2
cost matrix 3180.9176919771
test model 5 for 5_2
cost matrix 1413.2240002734984
data5_2 belongs to type 5.

test data 5_3
test model 1 for 5_3
cost matrix 2076.083794340337
test model 2 for 5_3
cost matrix 2676.7722337453356
test model 3 for 5_3
cost matrix 2702.6496742805825
test model 4 for 5_3
cost matrix 3352.0687966144046
test model 5 for 5_3
cost matrix 1369.584367131525
data5_3 belongs to type 5.

test data 5_4
test model 1 for 5_4
cost matrix 1869.7445920456967
test model 2 for 5_4
cost matrix 2678.7023379944244
test model 3 for 5_4
cost matrix 2633.4390585286137
test model 4 for 5_4
cost matrix 3219.4225727321523
test model 5 for 5_4
cost matrix 1518.3021127582865
data5_4 belongs to type 5.

test data 5_5
test model 1 for 5_5
cost matrix 2055.56515096719
test model 2 for 5_5
cost matrix 2480.0549829248935
test model 3 for 5_5
cost matrix 2646.689389603631
test model 4 for 5_5
cost matrix 3318.233333030123
test model 5 for 5_5
cost matrix 1465.8283508744057
data5_5 belongs to type 5.

test data 5_6
test model 1 for 5_6
cost matrix 2107.676945603293
test model 2 for 5_6
cost matrix 2579.890499700365
test model 3 for 5_6
cost matrix 2728.3176052805024
test model 4 for 5_6
cost matrix 3334.8689869850186
test model 5 for 5_6
cost matrix 1456.1916712391214
data5_6 belongs to type 5.

test data 5_7
test model 1 for 5_7
cost matrix 2079.1091393725214
test model 2 for 5_7
cost matrix 2529.2398073672935
test model 3 for 5_7
cost matrix 2695.6235586093003
test model 4 for 5_7
cost matrix 3338.490717528215
test model 5 for 5_7
cost matrix 1456.1995923113038
data5_7 belongs to type 5.

test data 5_8
test model 1 for 5_8
cost matrix 2208.8128173209207
test model 2 for 5_8
cost matrix 2508.4129405909316
test model 3 for 5_8
cost matrix 2722.7478959659134
test model 4 for 5_8
cost matrix 3391.7911621897047
test model 5 for 5_8
cost matrix 1564.6973318262037
data5_8 belongs to type 5.

test data 5_9
test model 1 for 5_9
cost matrix 2114.4637979471263
test model 2 for 5_9
cost matrix 2368.9817134207974
test model 3 for 5_9
cost matrix 2726.263893323886
test model 4 for 5_9
cost matrix 3331.955470191254
test model 5 for 5_9
cost matrix 1415.6450133647613
data5_9 belongs to type 5.

test over, the correct rate of 1 is: 1.0
test over, the correct rate of 2 is: 1.0
test over, the correct rate of 3 is: 1.0
test over, the correct rate of 4 is: 1.0
test over, the correct rate of 5 is: 1.0
